2025-06-05 15:23:32,956 - INFO - 加载了 54 个现有游戏标题
2025-06-05 15:23:32,956 - INFO - 🚀 启动集成游戏爬虫 - 模式: quick, 目标: 5 个游戏
2025-06-05 15:23:32,956 - INFO - 🎮 开始爬取平台: itch.io
2025-06-05 15:23:32,957 - INFO - 🎮 爬取 https://itch.io/games/html5
2025-06-05 15:23:33,651 - INFO - ✅ 从 https://itch.io/games/html5 找到 0 个游戏
2025-06-05 15:23:34,199 - INFO - 🎮 爬取 https://itch.io/games/html5/newest
2025-06-05 15:23:34,668 - INFO - ✅ 从 https://itch.io/games/html5/newest 找到 0 个游戏
2025-06-05 15:23:35,356 - INFO - 🎮 爬取 https://itch.io/games/html5/featured
2025-06-05 15:23:35,855 - INFO - ✅ 从 https://itch.io/games/html5/featured 找到 0 个游戏
2025-06-05 15:23:36,663 - INFO - 🎮 爬取 https://itch.io/games/html5/free
2025-06-05 15:23:37,154 - INFO - ✅ 从 https://itch.io/games/html5/free 找到 0 个游戏
2025-06-05 15:23:37,951 - INFO - ✅ itch.io 完成，找到 0 个游戏
2025-06-05 15:23:37,951 - INFO - 🎯 去重后找到 0 个唯一游戏
2025-06-05 15:23:37,952 - INFO - 🎨 开始生成缩略图...
2025-06-05 15:23:37,954 - INFO - 批量生成完成，共生成 0 个缩略图
2025-06-05 15:23:37,955 - INFO - ✅ 缩略图生成完成，共生成 0 个
2025-06-05 15:23:37,955 - WARNING - 没有找到新游戏
2025-06-05 17:16:15,003 - INFO - 加载了 44 个现有游戏标题
2025-06-05 17:16:15,003 - INFO - 🚀 启动集成游戏爬虫 - 模式: full, 目标: 50 个游戏
2025-06-05 17:16:15,004 - INFO - 🎮 开始爬取平台: itch.io
2025-06-05 17:16:15,004 - INFO - 🎮 开始爬取平台: newgrounds
2025-06-05 17:16:15,004 - INFO - 🎮 爬取 https://itch.io/games/html5
2025-06-05 17:16:15,005 - INFO - 🎮 爬取 https://www.newgrounds.com/games/browse
2025-06-05 17:16:15,724 - INFO - ✅ 从 https://itch.io/games/html5 找到 0 个游戏
2025-06-05 17:16:16,531 - INFO - 🎮 爬取 https://itch.io/games/html5/newest
2025-06-05 17:16:17,053 - INFO - ✅ 从 https://itch.io/games/html5/newest 找到 0 个游戏
2025-06-05 17:16:17,963 - INFO - ✅ 从 https://www.newgrounds.com/games/browse 找到 23 个游戏
2025-06-05 17:16:17,986 - INFO - 🎮 爬取 https://itch.io/games/html5/featured
2025-06-05 17:16:18,615 - INFO - ✅ 从 https://itch.io/games/html5/featured 找到 0 个游戏
2025-06-05 17:16:18,897 - INFO - ✅ newgrounds 完成，找到 16 个游戏
2025-06-05 17:16:19,243 - INFO - 🎮 爬取 https://itch.io/games/html5/free
2025-06-05 17:16:19,956 - INFO - ✅ 从 https://itch.io/games/html5/free 找到 0 个游戏
2025-06-05 17:16:20,850 - INFO - ✅ itch.io 完成，找到 0 个游戏
2025-06-05 17:16:20,851 - INFO - 🎯 去重后找到 16 个唯一游戏
2025-06-05 17:16:20,851 - INFO - 🎨 开始生成缩略图...
2025-06-05 17:16:20,853 - INFO - 批量生成完成，共生成 0 个缩略图
2025-06-05 17:16:20,853 - INFO - ✅ 缩略图生成完成，共生成 0 个
2025-06-05 17:16:20,854 - INFO - 📁 已备份原文件: src/data/games.ts.backup.1749114980
2025-06-05 17:16:20,856 - INFO - ✅ 成功保存 16 个游戏到 src/data/games.ts
2025-06-05 17:16:20,856 - INFO - 📊 爬取统计:
2025-06-05 17:16:20,857 - INFO -   🎮 Newgrounds: 16 个游戏
2025-06-05 17:16:20,857 - INFO -   🖼️ 自定义缩略图: 0/16 个
2025-06-05 17:16:20,857 - INFO - 🎉 集成爬虫执行完成！
