2025-05-23 16:18:30,370 - INFO - 🧹 开始清理games.ts文件...
2025-05-23 16:18:30,371 - INFO - 已备份原始文件到: E:\code\any-game\src\data\games.ts.backup
2025-05-23 16:18:30,373 - INFO - ✅ 有效游戏: SIDE EFFECTS
2025-05-23 16:18:30,374 - INFO - ✅ 有效游戏: Incredibox - Sprunki
2025-05-23 16:18:30,374 - INFO - ✅ 有效游戏: The Orchid\
2025-05-23 16:18:30,374 - INFO - ✅ 有效游戏: Bloodletter
2025-05-23 16:18:30,375 - INFO - ❌ 网站首页/分类页: Holder of Place -> https://www.youtube.com/embed/Ed4d6U1MKU0
2025-05-23 16:18:30,375 - INFO - ✅ 有效游戏: Forever Gold
2025-05-23 16:18:30,376 - INFO - ✅ 有效游戏: Arcane Earth - Increment Clicker
2025-05-23 16:18:30,376 - INFO - ✅ 有效游戏: Lucky Dig
2025-05-23 16:18:30,376 - INFO - ❌ 网站首页/分类页: TEMPOVERDOSE -> https://www.youtube.com/embed/D5Kqeue9LH8
2025-05-23 16:18:30,377 - INFO - ✅ 有效游戏: Sort the Court!
2025-05-23 16:18:30,377 - INFO - ✅ 有效游戏: Toasted Crossroads
2025-05-23 16:18:30,377 - INFO - ❌ 网站首页/分类页: A Dance of Fire and Ice -> https://www.youtube.com/embed/Bqj-tnv5K2c
2025-05-23 16:18:30,377 - INFO - ✅ 有效游戏: Batter Up!
2025-05-23 16:18:30,378 - INFO - ❌ 网站首页/分类页: Lookouts -> https://www.youtube.com/embed/Q8vNG8BRY3k
2025-05-23 16:18:30,378 - INFO - ✅ 有效游戏: We Become What We Behold
2025-05-23 16:18:30,378 - INFO - ✅ 有效游戏: Kiss Three Fish
2025-05-23 16:18:30,378 - INFO - ❌ 网站首页/分类页: Ages of Conflict: World War Simulator -> https://www.youtube.com/embed/w0mLK8iLXXs
2025-05-23 16:18:30,378 - INFO - ✅ 有效游戏: Graveyard Oracle
2025-05-23 16:18:30,379 - INFO - ✅ 有效游戏: RetroFab
2025-05-23 16:18:30,379 - INFO - ❌ 网站首页/分类页: [unnamed radius] -> https://www.newgrounds.com/games
2025-05-23 16:18:30,379 - INFO - ❌ 网站首页/分类页: Magical Curse 2 -> https://www.newgrounds.com/games
2025-05-23 16:18:30,379 - INFO - ❌ 网站首页/分类页: Dave\ -> https://www.newgrounds.com/games
2025-05-23 16:18:30,379 - INFO - ✅ 有效游戏: Categories
2025-05-23 16:18:30,380 - INFO - ❌ 网站首页/分类页: Miniclip Logo -> https://www.miniclip.com/games
2025-05-23 16:18:30,380 - INFO - ❌ 无效标题: “unleash the gamer in everyone”
2025-05-23 16:18:30,380 - INFO - ✅ 有效游戏: Lessmore joins Miniclip
2025-05-23 16:18:30,380 - INFO - ❌ 标题长度不合适: \
2025-05-23 16:18:30,381 - INFO - ✅ 有效游戏: Easybrain joins Miniclip
2025-05-23 16:18:30,381 - INFO - ✅ 有效游戏: Forever Gold
2025-05-23 16:18:30,382 - INFO - ✅ 有效游戏: Arcane Earth - Increment Clicker
2025-05-23 16:18:30,382 - INFO - ✅ 有效游戏: Lucky Dig
2025-05-23 16:18:30,382 - INFO - ✅ 有效游戏: Sort the Court!
2025-05-23 16:18:30,383 - INFO - 总共找到 32 个游戏对象
2025-05-23 16:18:30,383 - INFO - 有效游戏: 21 个
2025-05-23 16:18:30,383 - INFO - 无效游戏: 11 个
2025-05-23 16:18:30,384 - INFO - ✅ 成功清理games.ts文件
2025-05-23 16:18:30,384 - INFO - 📊 清理结果: 保留 21 个有效游戏，移除 11 个无效游戏
2025-05-23 16:18:30,384 - INFO - ✅ 文件清理完成！
2025-05-23 16:18:30,385 - INFO - 💡 提示：已移除所有无效的游戏对象，只保留真正的游戏
